# JRE version: Java(TM) SE Runtime Environment (17.0.16+12) (build 17.0.16+12-LTS-247)
# Java VM: Java HotSpot(TM) 64-Bit Server VM (17.0.16+12-LTS-247, mixed mode, sharing, tiered, compressed oops, compressed class ptrs, g1 gc, windows-amd64)
GC Precious Log:
 CPUs: 12 total, 12 available
 Memory: 7549M
 Large Page Support: Disabled
 NUMA Support: Disabled
 Compressed Oops: Enabled (32-bit)
 Heap Region Size: 1M
 Heap Min Capacity: 8M
 Heap Initial Capacity: 118M
 Heap Max Capacity: 1888M
 Pre-touch: Disabled
 Parallel Workers: 10
 Concurrent Workers: 3
 Concurrent Refinement Workers: 10
 Periodic GC: Disabled
Heap:
 garbage-first heap   total 263168K, used 160660K [0x000000008a000000, 0x0000000100000000)
  region size 1024K, 63 young (64512K), 3 survivors (3072K)
 Metaspace       used 103975K, committed 104576K, reserved 1179648K
  class space    used 13662K, committed 13952K, reserved 1048576K
GC Heap History (20 events):
Event: 2509.891 GC heap before
{Heap before GC invocations=66 (full 0):
 garbage-first heap   total 273408K, used 241223K [0x000000008a000000, 0x0000000100000000)
  region size 1024K, 145 young (148480K), 2 survivors (2048K)
 Metaspace       used 100082K, committed 101056K, reserved 1179648K
  class space    used 13387K, committed 13824K, reserved 1048576K
}
Event: 2510.103 GC heap after
{Heap after GC invocations=67 (full 0):
 garbage-first heap   total 273408K, used 94798K [0x000000008a000000, 0x0000000100000000)
  region size 1024K, 2 young (2048K), 2 survivors (2048K)
 Metaspace       used 100082K, committed 101056K, reserved 1179648K
  class space    used 13387K, committed 13824K, reserved 1048576K
}
Event: 2542.530 GC heap before
{Heap before GC invocations=67 (full 0):
 garbage-first heap   total 273408K, used 106062K [0x000000008a000000, 0x0000000100000000)
  region size 1024K, 13 young (13312K), 2 survivors (2048K)
 Metaspace       used 100103K, committed 101056K, reserved 1179648K
  class space    used 13387K, committed 13824K, reserved 1048576K
}
Event: 2542.639 GC heap after
{Heap after GC invocations=68 (full 0):
 garbage-first heap   total 273408K, used 92005K [0x000000008a000000, 0x0000000100000000)
  region size 1024K, 2 young (2048K), 2 survivors (2048K)
 Metaspace       used 100103K, committed 101056K, reserved 1179648K
  class space    used 13387K, committed 13824K, reserved 1048576K
}
Event: 2936.367 GC heap before
{Heap before GC invocations=68 (full 0):
 garbage-first heap   total 273408K, used 233317K [0x000000008a000000, 0x0000000100000000)
  region size 1024K, 141 young (144384K), 2 survivors (2048K)
 Metaspace       used 100404K, committed 101184K, reserved 1179648K
  class space    used 13419K, committed 13824K, reserved 1048576K
}
Event: 2937.042 GC heap after
{Heap after GC invocations=69 (full 1):
 garbage-first heap   total 263168K, used 73456K [0x000000008a000000, 0x0000000100000000)
  region size 1024K, 0 young (0K), 0 survivors (0K)
 Metaspace       used 100350K, committed 101184K, reserved 1179648K
  class space    used 13409K, committed 13824K, reserved 1048576K
}
Event: 2981.268 GC heap before
{Heap before GC invocations=69 (full 1):
 garbage-first heap   total 263168K, used 228080K [0x000000008a000000, 0x0000000100000000)
  region size 1024K, 151 young (154624K), 0 survivors (0K)
 Metaspace       used 101852K, committed 102464K, reserved 1179648K
  class space    used 13543K, committed 13824K, reserved 1048576K
}
Event: 2981.317 GC heap after
{Heap after GC invocations=70 (full 1):
 garbage-first heap   total 263168K, used 85144K [0x000000008a000000, 0x0000000100000000)
  region size 1024K, 12 young (12288K), 12 survivors (12288K)
 Metaspace       used 101852K, committed 102464K, reserved 1179648K
  class space    used 13543K, committed 13824K, reserved 1048576K
}
Event: 2984.649 GC heap before
{Heap before GC invocations=71 (full 1):
 garbage-first heap   total 263168K, used 219288K [0x000000008a000000, 0x0000000100000000)
  region size 1024K, 142 young (145408K), 12 survivors (12288K)
 Metaspace       used 102471K, committed 103104K, reserved 1179648K
  class space    used 13580K, committed 13888K, reserved 1048576K
}
Event: 2984.690 GC heap after
{Heap after GC invocations=72 (full 1):
 garbage-first heap   total 263168K, used 90843K [0x000000008a000000, 0x0000000100000000)
  region size 1024K, 6 young (6144K), 6 survivors (6144K)
 Metaspace       used 102471K, committed 103104K, reserved 1179648K
  class space    used 13580K, committed 13888K, reserved 1048576K
}
Event: 2984.739 GC heap before
{Heap before GC invocations=72 (full 1):
 garbage-first heap   total 263168K, used 96987K [0x000000008a000000, 0x0000000100000000)
  region size 1024K, 12 young (12288K), 6 survivors (6144K)
 Metaspace       used 102523K, committed 103168K, reserved 1179648K
  class space    used 13586K, committed 13888K, reserved 1048576K
}
Event: 2984.753 GC heap after
{Heap after GC invocations=73 (full 1):
 garbage-first heap   total 263168K, used 91127K [0x000000008a000000, 0x0000000100000000)
  region size 1024K, 1 young (1024K), 1 survivors (1024K)
 Metaspace       used 102523K, committed 103168K, reserved 1179648K
  class space    used 13586K, committed 13888K, reserved 1048576K
}
Event: 2985.950 GC heap before
{Heap before GC invocations=73 (full 1):
 garbage-first heap   total 263168K, used 219127K [0x000000008a000000, 0x0000000100000000)
  region size 1024K, 126 young (129024K), 1 survivors (1024K)
 Metaspace       used 102972K, committed 103552K, reserved 1179648K
  class space    used 13604K, committed 13888K, reserved 1048576K
}
Event: 2985.957 GC heap after
{Heap after GC invocations=74 (full 1):
 garbage-first heap   total 263168K, used 94460K [0x000000008a000000, 0x0000000100000000)
  region size 1024K, 5 young (5120K), 5 survivors (5120K)
 Metaspace       used 102972K, committed 103552K, reserved 1179648K
  class space    used 13604K, committed 13888K, reserved 1048576K
}
Event: 2986.578 GC heap before
{Heap before GC invocations=75 (full 1):
 garbage-first heap   total 263168K, used 218364K [0x000000008a000000, 0x0000000100000000)
  region size 1024K, 126 young (129024K), 5 survivors (5120K)
 Metaspace       used 103321K, committed 103936K, reserved 1179648K
  class space    used 13621K, committed 13952K, reserved 1048576K
}
Event: 2986.584 GC heap after
{Heap after GC invocations=76 (full 1):
 garbage-first heap   total 263168K, used 97390K [0x000000008a000000, 0x0000000100000000)
  region size 1024K, 8 young (8192K), 8 survivors (8192K)
 Metaspace       used 103321K, committed 103936K, reserved 1179648K
  class space    used 13621K, committed 13952K, reserved 1048576K
}
Event: 2986.589 GC heap before
{Heap before GC invocations=76 (full 1):
 garbage-first heap   total 263168K, used 101486K [0x000000008a000000, 0x0000000100000000)
  region size 1024K, 12 young (12288K), 8 survivors (8192K)
 Metaspace       used 103321K, committed 103936K, reserved 1179648K
  class space    used 13621K, committed 13952K, reserved 1048576K
}
Event: 2986.596 GC heap after
{Heap after GC invocations=77 (full 1):
 garbage-first heap   total 263168K, used 98317K [0x000000008a000000, 0x0000000100000000)
  region size 1024K, 2 young (2048K), 2 survivors (2048K)
 Metaspace       used 103321K, committed 103936K, reserved 1179648K
  class space    used 13621K, committed 13952K, reserved 1048576K
}
Event: 2987.184 GC heap before
{Heap before GC invocations=77 (full 1):
 garbage-first heap   total 263168K, used 219149K [0x000000008a000000, 0x0000000100000000)
  region size 1024K, 120 young (122880K), 2 survivors (2048K)
 Metaspace       used 103768K, committed 104384K, reserved 1179648K
  class space    used 13651K, committed 13952K, reserved 1048576K
}
Event: 2987.188 GC heap after
{Heap after GC invocations=78 (full 1):
 garbage-first heap   total 263168K, used 100244K [0x000000008a000000, 0x0000000100000000)
  region size 1024K, 3 young (3072K), 3 survivors (3072K)
 Metaspace       used 103768K, committed 104384K, reserved 1179648K
  class space    used 13651K, committed 13952K, reserved 1048576K
}

