# JRE version: Java(TM) SE Runtime Environment (17.0.16+12) (build 17.0.16+12-LTS-247)
# Java VM: Java HotSpot(TM) 64-Bit Server VM (17.0.16+12-LTS-247, mixed mode, sharing, tiered, compressed oops, compressed class ptrs, g1 gc, windows-amd64)
GC Precious Log:
 CPUs: 12 total, 12 available
 Memory: 7549M
 Large Page Support: Disabled
 NUMA Support: Disabled
 Compressed Oops: Enabled (32-bit)
 Heap Region Size: 1M
 Heap Min Capacity: 8M
 Heap Initial Capacity: 118M
 Heap Max Capacity: 1888M
 Pre-touch: Disabled
 Parallel Workers: 10
 Concurrent Workers: 3
 Concurrent Refinement Workers: 10
 Periodic GC: Disabled
Heap:
 garbage-first heap   total 537600K, used 83388K [0x000000008a000000, 0x0000000100000000)
  region size 1024K, 2 young (2048K), 2 survivors (2048K)
 Metaspace       used 91333K, committed 92032K, reserved 1179648K
  class space    used 12221K, committed 12544K, reserved 1048576K
GC Heap History (20 events):
Event: 53.685 GC heap after
{Heap after GC invocations=34 (full 0):
 garbage-first heap   total 222208K, used 69201K [0x000000008a000000, 0x0000000100000000)
  region size 1024K, 1 young (1024K), 1 survivors (1024K)
 Metaspace       used 86781K, committed 87424K, reserved 1179648K
  class space    used 11751K, committed 12096K, reserved 1048576K
}
Event: 54.180 GC heap before
{Heap before GC invocations=34 (full 0):
 garbage-first heap   total 222208K, used 183889K [0x000000008a000000, 0x0000000100000000)
  region size 1024K, 113 young (115712K), 1 survivors (1024K)
 Metaspace       used 87160K, committed 87808K, reserved 1179648K
  class space    used 11788K, committed 12096K, reserved 1048576K
}
Event: 54.184 GC heap after
{Heap after GC invocations=35 (full 0):
 garbage-first heap   total 222208K, used 72465K [0x000000008a000000, 0x0000000100000000)
  region size 1024K, 5 young (5120K), 5 survivors (5120K)
 Metaspace       used 87160K, committed 87808K, reserved 1179648K
  class space    used 11788K, committed 12096K, reserved 1048576K
}
Event: 55.225 GC heap before
{Heap before GC invocations=36 (full 0):
 garbage-first heap   total 222208K, used 184081K [0x000000008a000000, 0x0000000100000000)
  region size 1024K, 114 young (116736K), 5 survivors (5120K)
 Metaspace       used 87344K, committed 88000K, reserved 1179648K
  class space    used 11818K, committed 12160K, reserved 1048576K
}
Event: 55.233 GC heap after
{Heap after GC invocations=37 (full 0):
 garbage-first heap   total 222208K, used 79792K [0x000000008a000000, 0x0000000100000000)
  region size 1024K, 12 young (12288K), 12 survivors (12288K)
 Metaspace       used 87344K, committed 88000K, reserved 1179648K
  class space    used 11818K, committed 12160K, reserved 1048576K
}
Event: 55.234 GC heap before
{Heap before GC invocations=37 (full 0):
 garbage-first heap   total 222208K, used 80816K [0x000000008a000000, 0x0000000100000000)
  region size 1024K, 13 young (13312K), 12 survivors (12288K)
 Metaspace       used 87344K, committed 88000K, reserved 1179648K
  class space    used 11818K, committed 12160K, reserved 1048576K
}
Event: 55.241 GC heap after
{Heap after GC invocations=38 (full 0):
 garbage-first heap   total 222208K, used 80879K [0x000000008a000000, 0x0000000100000000)
  region size 1024K, 2 young (2048K), 2 survivors (2048K)
 Metaspace       used 87344K, committed 88000K, reserved 1179648K
  class space    used 11818K, committed 12160K, reserved 1048576K
}
Event: 55.597 GC heap before
{Heap before GC invocations=38 (full 0):
 garbage-first heap   total 222208K, used 181231K [0x000000008a000000, 0x0000000100000000)
  region size 1024K, 100 young (102400K), 2 survivors (2048K)
 Metaspace       used 87720K, committed 88320K, reserved 1179648K
  class space    used 11856K, committed 12160K, reserved 1048576K
}
Event: 55.602 GC heap after
{Heap after GC invocations=39 (full 0):
 garbage-first heap   total 222208K, used 83082K [0x000000008a000000, 0x0000000100000000)
  region size 1024K, 4 young (4096K), 4 survivors (4096K)
 Metaspace       used 87720K, committed 88320K, reserved 1179648K
  class space    used 11856K, committed 12160K, reserved 1048576K
}
Event: 56.117 GC heap before
{Heap before GC invocations=40 (full 0):
 garbage-first heap   total 222208K, used 183434K [0x000000008a000000, 0x0000000100000000)
  region size 1024K, 102 young (104448K), 4 survivors (4096K)
 Metaspace       used 88289K, committed 88960K, reserved 1179648K
  class space    used 11893K, committed 12224K, reserved 1048576K
}
Event: 56.121 GC heap after
{Heap after GC invocations=41 (full 0):
 garbage-first heap   total 222208K, used 84789K [0x000000008a000000, 0x0000000100000000)
  region size 1024K, 6 young (6144K), 6 survivors (6144K)
 Metaspace       used 88289K, committed 88960K, reserved 1179648K
  class space    used 11893K, committed 12224K, reserved 1048576K
}
Event: 56.135 GC heap before
{Heap before GC invocations=41 (full 0):
 garbage-first heap   total 222208K, used 88885K [0x000000008a000000, 0x0000000100000000)
  region size 1024K, 10 young (10240K), 6 survivors (6144K)
 Metaspace       used 88289K, committed 88960K, reserved 1179648K
  class space    used 11893K, committed 12224K, reserved 1048576K
}
Event: 56.140 GC heap after
{Heap after GC invocations=42 (full 0):
 garbage-first heap   total 222208K, used 84157K [0x000000008a000000, 0x0000000100000000)
  region size 1024K, 1 young (1024K), 1 survivors (1024K)
 Metaspace       used 88289K, committed 88960K, reserved 1179648K
  class space    used 11893K, committed 12224K, reserved 1048576K
}
Event: 56.908 GC heap before
{Heap before GC invocations=42 (full 0):
 garbage-first heap   total 222208K, used 184509K [0x000000008a000000, 0x0000000100000000)
  region size 1024K, 100 young (102400K), 1 survivors (1024K)
 Metaspace       used 90249K, committed 90880K, reserved 1179648K
  class space    used 12147K, committed 12480K, reserved 1048576K
}
Event: 56.912 GC heap after
{Heap after GC invocations=43 (full 0):
 garbage-first heap   total 222208K, used 85680K [0x000000008a000000, 0x0000000100000000)
  region size 1024K, 3 young (3072K), 3 survivors (3072K)
 Metaspace       used 90249K, committed 90880K, reserved 1179648K
  class space    used 12147K, committed 12480K, reserved 1048576K
}
Event: 57.485 GC heap before
{Heap before GC invocations=44 (full 0):
 garbage-first heap   total 222208K, used 181936K [0x000000008a000000, 0x0000000100000000)
  region size 1024K, 101 young (103424K), 3 survivors (3072K)
 Metaspace       used 90901K, committed 91584K, reserved 1179648K
  class space    used 12197K, committed 12544K, reserved 1048576K
}
Event: 57.489 GC heap after
{Heap after GC invocations=45 (full 0):
 garbage-first heap   total 222208K, used 83399K [0x000000008a000000, 0x0000000100000000)
  region size 1024K, 5 young (5120K), 5 survivors (5120K)
 Metaspace       used 90901K, committed 91584K, reserved 1179648K
  class space    used 12197K, committed 12544K, reserved 1048576K
}
Event: 57.500 GC heap before
{Heap before GC invocations=45 (full 0):
 garbage-first heap   total 222208K, used 88519K [0x000000008a000000, 0x0000000100000000)
  region size 1024K, 10 young (10240K), 5 survivors (5120K)
 Metaspace       used 90901K, committed 91584K, reserved 1179648K
  class space    used 12197K, committed 12544K, reserved 1048576K
}
Event: 57.505 GC heap after
{Heap after GC invocations=46 (full 0):
 garbage-first heap   total 222208K, used 82052K [0x000000008a000000, 0x0000000100000000)
  region size 1024K, 1 young (1024K), 1 survivors (1024K)
 Metaspace       used 90901K, committed 91584K, reserved 1179648K
  class space    used 12197K, committed 12544K, reserved 1048576K
}
Event: 57.921 GC heap before
{Heap before GC invocations=46 (full 0):
 garbage-first heap   total 222208K, used 187524K [0x000000008a000000, 0x0000000100000000)
  region size 1024K, 104 young (106496K), 1 survivors (1024K)
 Metaspace       used 91333K, committed 92032K, reserved 1179648K
  class space    used 12221K, committed 12544K, reserved 1048576K
}

